<?xml version="1.0" encoding="utf-8"?><testsuites name="pytest tests"><testsuite name="pytest" errors="0" failures="0" skipped="0" tests="17" time="2.333" timestamp="2026-05-18T09:42:44.254618+00:00" hostname="agent-env-7572b1ab-7dab-472a-a50f-49229e994cad"><testcase classname="backend.tests.backend_test.TestHealth" name="test_root" time="0.171" /><testcase classname="backend.tests.backend_test.TestDuels" name="test_create_duel_returns_metadata" time="0.472" /><testcase classname="backend.tests.backend_test.TestDuels" name="test_question_truncated_to_80" time="0.289" /><testcase classname="backend.tests.backend_test.TestDuels" name="test_get_duel" time="0.045" /><testcase classname="backend.tests.backend_test.TestDuels" name="test_get_duel_404" time="0.045" /><testcase classname="backend.tests.backend_test.TestDuels" name="test_count_endpoint" time="0.050" /><testcase classname="backend.tests.backend_test.TestDuels" name="test_popular_list" time="0.049" /><testcase classname="backend.tests.backend_test.TestVoting" name="test_check_vote_initially_false" time="0.111" /><testcase classname="backend.tests.backend_test.TestVoting" name="test_invalid_choice_rejected" time="0.114" /><testcase classname="backend.tests.backend_test.TestVoting" name="test_vote_then_duplicate_blocked" time="0.200" /><testcase classname="backend.tests.backend_test.TestVoting" name="test_check_vote_after_voting" time="0.174" /><testcase classname="backend.tests.backend_test.TestDelete" name="test_delete_wrong_token_forbidden" time="0.044" /><testcase classname="backend.tests.backend_test.TestDelete" name="test_delete_with_correct_token" time="0.295" /><testcase classname="backend.tests.backend_test.TestStatsShareUploads" name="test_weekly_stats_floor_47" time="0.045" /><testcase classname="backend.tests.backend_test.TestStatsShareUploads" name="test_share_og_tags" time="0.046" /><testcase classname="backend.tests.backend_test.TestStatsShareUploads" name="test_share_404" time="0.046" /><testcase classname="backend.tests.backend_test.TestStatsShareUploads" name="test_uploads_served_and_compressed" time="0.048" /></testsuite></testsuites>