<?xml version="1.0" encoding="utf-8"?><testsuites name="pytest tests"><testsuite name="pytest" errors="0" failures="0" skipped="0" tests="11" time="2.563" timestamp="2026-05-18T10:37:41.877277+00:00" hostname="agent-env-7572b1ab-7dab-472a-a50f-49229e994cad"><testcase classname="backend.tests.sprint3_i18n_test.TestDuelLangStorage" name="test_create_with_accept_language_nl" time="0.546" /><testcase classname="backend.tests.sprint3_i18n_test.TestDuelLangStorage" name="test_create_with_accept_language_en" time="0.207" /><testcase classname="backend.tests.sprint3_i18n_test.TestDuelLangStorage" name="test_cookie_overrides_accept_language" time="0.230" /><testcase classname="backend.tests.sprint3_i18n_test.TestSharePreviewLanguage" name="test_share_english" time="0.311" /><testcase classname="backend.tests.sprint3_i18n_test.TestSharePreviewLanguage" name="test_share_dutch" time="0.100" /><testcase classname="backend.tests.sprint3_i18n_test.TestSharePreviewLanguage" name="test_share_cookie_overrides_header" time="0.135" /><testcase classname="backend.tests.sprint3_i18n_test.TestSharePreviewLanguage" name="test_share_default_is_en_when_unknown" time="0.303" /><testcase classname="backend.tests.sprint3_i18n_test.TestSendResultEmailLocale" name="test_email_html_uses_locale" time="0.323" /><testcase classname="backend.tests.sprint3_i18n_test.TestRegressionSprint3" name="test_root_still_ok" time="0.102" /><testcase classname="backend.tests.sprint3_i18n_test.TestRegressionSprint3" name="test_popular_still_returns_list" time="0.105" /><testcase classname="backend.tests.sprint3_i18n_test.TestRegressionSprint3" name="test_stats_weekly" time="0.106" /></testsuite></testsuites>