<?xml version="1.0" encoding="utf-8"?><testsuites name="pytest tests"><testsuite name="pytest" errors="0" failures="0" skipped="0" tests="15" time="8.597" timestamp="2026-05-18T10:22:58.473397+00:00" hostname="agent-env-7572b1ab-7dab-472a-a50f-49229e994cad"><testcase classname="backend.tests.sprint2_test.TestSecurityHeaders" name="test_security_headers_present[/api/]" time="0.263" /><testcase classname="backend.tests.sprint2_test.TestSecurityHeaders" name="test_security_headers_present[/api/duels/popular]" time="0.150" /><testcase classname="backend.tests.sprint2_test.TestSecurityHeaders" name="test_security_headers_present[/api/stats/weekly]" time="0.113" /><testcase classname="backend.tests.sprint2_test.TestUploadValidation" name="test_reject_non_image_mime" time="0.123" /><testcase classname="backend.tests.sprint2_test.TestUploadValidation" name="test_reject_oversized_file" time="0.736" /><testcase classname="backend.tests.sprint2_test.TestUploadValidation" name="test_accept_png" time="0.246" /><testcase classname="backend.tests.sprint2_test.TestUploadValidation" name="test_accept_webp" time="0.427" /><testcase classname="backend.tests.sprint2_test.TestUploadValidation" name="test_exif_stripped" time="0.327" /><testcase classname="backend.tests.sprint2_test.TestReportSystem" name="test_invalid_reason_400" time="0.410" /><testcase classname="backend.tests.sprint2_test.TestReportSystem" name="test_report_dedup_same_ip" time="0.620" /><testcase classname="backend.tests.sprint2_test.TestReportSystem" name="test_3_reports_auto_hide_and_excluded_from_popular" time="0.984" /><testcase classname="backend.tests.sprint2_test.TestReportSystem" name="test_get_duel_has_is_hidden_field" time="0.357" /><testcase classname="backend.tests.sprint2_test.TestRateLimits" name="test_duel_create_rate_limit" time="0.882" /><testcase classname="backend.tests.sprint2_test.TestRateLimits" name="test_vote_rate_limit" time="1.404" /><testcase classname="backend.tests.sprint2_test.TestRateLimits" name="test_report_rate_limit" time="1.440" /></testsuite></testsuites>